{"/home/hotanphat28/github/ascii-tool-prototype/src/ffmpegUtil.js": {"path":"/home/hotanphat28/github/ascii-tool-prototype/src/ffmpegUtil.js","statementMap":{"0":{"start":{"line":5,"column":13},"end":{"line":5,"column":null}},"1":{"start":{"line":7,"column":26},"end":{"line":25,"column":null}},"2":{"start":{"line":8,"column":2},"end":{"line":8,"column":null}},"3":{"start":{"line":8,"column":14},"end":{"line":8,"column":null}},"4":{"start":{"line":10,"column":2},"end":{"line":10,"column":null}},"5":{"start":{"line":12,"column":2},"end":{"line":15,"column":null}},"6":{"start":{"line":14,"column":4},"end":{"line":14,"column":null}},"7":{"start":{"line":17,"column":18},"end":{"line":17,"column":null}},"8":{"start":{"line":19,"column":2},"end":{"line":22,"column":null}},"9":{"start":{"line":24,"column":2},"end":{"line":24,"column":null}},"10":{"start":{"line":27,"column":27},"end":{"line":74,"column":null}},"11":{"start":{"line":28,"column":13},"end":{"line":28,"column":null}},"12":{"start":{"line":30,"column":2},"end":{"line":30,"column":null}},"13":{"start":{"line":31,"column":2},"end":{"line":31,"column":null}},"14":{"start":{"line":34,"column":2},"end":{"line":38,"column":null}},"15":{"start":{"line":34,"column":15},"end":{"line":34,"column":18}},"16":{"start":{"line":35,"column":16},"end":{"line":35,"column":null}},"17":{"start":{"line":37,"column":4},"end":{"line":37,"column":null}},"18":{"start":{"line":40,"column":21},"end":{"line":40,"column":null}},"19":{"start":{"line":44,"column":2},"end":{"line":62,"column":null}},"20":{"start":{"line":45,"column":4},"end":{"line":52,"column":null}},"21":{"start":{"line":55,"column":4},"end":{"line":61,"column":null}},"22":{"start":{"line":64,"column":15},"end":{"line":64,"column":null}},"23":{"start":{"line":67,"column":2},"end":{"line":70,"column":null}},"24":{"start":{"line":67,"column":15},"end":{"line":67,"column":18}},"25":{"start":{"line":68,"column":16},"end":{"line":68,"column":null}},"26":{"start":{"line":69,"column":4},"end":{"line":69,"column":null}},"27":{"start":{"line":71,"column":2},"end":{"line":71,"column":null}},"28":{"start":{"line":73,"column":2},"end":{"line":73,"column":null}}},"fnMap":{"0":{"name":"(anonymous_0)","decl":{"start":{"line":7,"column":26},"end":{"line":7,"column":38}},"loc":{"start":{"line":7,"column":38},"end":{"line":25,"column":null}},"line":7},"1":{"name":"(anonymous_1)","decl":{"start":{"line":12,"column":12},"end":{"line":12,"column":25}},"loc":{"start":{"line":12,"column":48},"end":{"line":15,"column":3}},"line":12},"2":{"name":"(anonymous_2)","decl":{"start":{"line":27,"column":27},"end":{"line":27,"column":34}},"loc":{"start":{"line":27,"column":58},"end":{"line":74,"column":null}},"line":27}},"branchMap":{"0":{"loc":{"start":{"line":8,"column":2},"end":{"line":8,"column":null}},"type":"if","locations":[{"start":{"line":8,"column":2},"end":{"line":8,"column":null}},{"start":{},"end":{}}],"line":8},"1":{"loc":{"start":{"line":44,"column":2},"end":{"line":62,"column":null}},"type":"if","locations":[{"start":{"line":44,"column":2},"end":{"line":62,"column":null}},{"start":{"line":53,"column":9},"end":{"line":62,"column":null}}],"line":44},"2":{"loc":{"start":{"line":73,"column":41},"end":{"line":73,"column":87}},"type":"cond-expr","locations":[{"start":{"line":73,"column":60},"end":{"line":73,"column":74}},{"start":{"line":73,"column":74},"end":{"line":73,"column":87}}],"line":73}},"s":{"0":1,"1":1,"2":4,"3":3,"4":1,"5":1,"6":0,"7":1,"8":1,"9":1,"10":1,"11":2,"12":2,"13":2,"14":2,"15":2,"16":2,"17":2,"18":2,"19":2,"20":1,"21":1,"22":2,"23":2,"24":2,"25":2,"26":2,"27":2,"28":2},"f":{"0":4,"1":0,"2":2},"b":{"0":[3,1],"1":[1,1],"2":[1,1]},"meta":{"lastBranch":3,"lastFunction":3,"lastStatement":29,"seen":{"s:5:13:5:Infinity":0,"s:7:26:25:Infinity":1,"f:7:26:7:38":0,"b:8:2:8:Infinity:undefined:undefined:undefined:undefined":0,"s:8:2:8:Infinity":2,"s:8:14:8:Infinity":3,"s:10:2:10:Infinity":4,"s:12:2:15:Infinity":5,"f:12:12:12:25":1,"s:14:4:14:Infinity":6,"s:17:18:17:Infinity":7,"s:19:2:22:Infinity":8,"s:24:2:24:Infinity":9,"s:27:27:74:Infinity":10,"f:27:27:27:34":2,"s:28:13:28:Infinity":11,"s:30:2:30:Infinity":12,"s:31:2:31:Infinity":13,"s:34:2:38:Infinity":14,"s:34:15:34:18":15,"s:35:16:35:Infinity":16,"s:37:4:37:Infinity":17,"s:40:21:40:Infinity":18,"b:44:2:62:Infinity:53:9:62:Infinity":1,"s:44:2:62:Infinity":19,"s:45:4:52:Infinity":20,"s:55:4:61:Infinity":21,"s:64:15:64:Infinity":22,"s:67:2:70:Infinity":23,"s:67:15:67:18":24,"s:68:16:68:Infinity":25,"s:69:4:69:Infinity":26,"s:71:2:71:Infinity":27,"s:73:2:73:Infinity":28,"b:73:60:73:74:73:74:73:87":2},"fnNames":{}}}
,"/home/hotanphat28/github/ascii-tool-prototype/src/useStore.js": {"path":"/home/hotanphat28/github/ascii-tool-prototype/src/useStore.js","statementMap":{"0":{"start":{"line":3,"column":24},"end":{"line":44,"column":null}},"1":{"start":{"line":3,"column":41},"end":{"line":44,"column":2}},"2":{"start":{"line":26,"column":21},"end":{"line":26,"column":null}},"3":{"start":{"line":27,"column":21},"end":{"line":27,"column":null}},"4":{"start":{"line":28,"column":27},"end":{"line":28,"column":null}},"5":{"start":{"line":29,"column":43},"end":{"line":29,"column":null}},"6":{"start":{"line":30,"column":43},"end":{"line":30,"column":null}},"7":{"start":{"line":31,"column":39},"end":{"line":31,"column":null}},"8":{"start":{"line":32,"column":41},"end":{"line":32,"column":null}},"9":{"start":{"line":33,"column":37},"end":{"line":33,"column":null}},"10":{"start":{"line":34,"column":31},"end":{"line":34,"column":null}},"11":{"start":{"line":35,"column":41},"end":{"line":35,"column":null}},"12":{"start":{"line":36,"column":35},"end":{"line":36,"column":null}},"13":{"start":{"line":37,"column":35},"end":{"line":37,"column":null}},"14":{"start":{"line":38,"column":41},"end":{"line":38,"column":null}},"15":{"start":{"line":39,"column":31},"end":{"line":39,"column":null}},"16":{"start":{"line":40,"column":27},"end":{"line":40,"column":null}},"17":{"start":{"line":41,"column":53},"end":{"line":41,"column":null}},"18":{"start":{"line":42,"column":29},"end":{"line":42,"column":null}},"19":{"start":{"line":43,"column":47},"end":{"line":43,"column":null}}},"fnMap":{"0":{"name":"(anonymous_0)","decl":{"start":{"line":3,"column":24},"end":{"line":3,"column":32}},"loc":{"start":{"line":3,"column":41},"end":{"line":44,"column":2}},"line":3},"1":{"name":"(anonymous_1)","decl":{"start":{"line":26,"column":2},"end":{"line":26,"column":12}},"loc":{"start":{"line":26,"column":21},"end":{"line":26,"column":null}},"line":26},"2":{"name":"(anonymous_2)","decl":{"start":{"line":27,"column":2},"end":{"line":27,"column":12}},"loc":{"start":{"line":27,"column":21},"end":{"line":27,"column":null}},"line":27},"3":{"name":"(anonymous_3)","decl":{"start":{"line":28,"column":2},"end":{"line":28,"column":15}},"loc":{"start":{"line":28,"column":27},"end":{"line":28,"column":null}},"line":28},"4":{"name":"(anonymous_4)","decl":{"start":{"line":29,"column":2},"end":{"line":29,"column":23}},"loc":{"start":{"line":29,"column":43},"end":{"line":29,"column":null}},"line":29},"5":{"name":"(anonymous_5)","decl":{"start":{"line":30,"column":2},"end":{"line":30,"column":23}},"loc":{"start":{"line":30,"column":43},"end":{"line":30,"column":null}},"line":30},"6":{"name":"(anonymous_6)","decl":{"start":{"line":31,"column":2},"end":{"line":31,"column":21}},"loc":{"start":{"line":31,"column":39},"end":{"line":31,"column":null}},"line":31},"7":{"name":"(anonymous_7)","decl":{"start":{"line":32,"column":2},"end":{"line":32,"column":22}},"loc":{"start":{"line":32,"column":41},"end":{"line":32,"column":null}},"line":32},"8":{"name":"(anonymous_8)","decl":{"start":{"line":33,"column":2},"end":{"line":33,"column":20}},"loc":{"start":{"line":33,"column":37},"end":{"line":33,"column":null}},"line":33},"9":{"name":"(anonymous_9)","decl":{"start":{"line":34,"column":2},"end":{"line":34,"column":17}},"loc":{"start":{"line":34,"column":31},"end":{"line":34,"column":null}},"line":34},"10":{"name":"(anonymous_10)","decl":{"start":{"line":35,"column":2},"end":{"line":35,"column":22}},"loc":{"start":{"line":35,"column":41},"end":{"line":35,"column":null}},"line":35},"11":{"name":"(anonymous_11)","decl":{"start":{"line":36,"column":2},"end":{"line":36,"column":19}},"loc":{"start":{"line":36,"column":35},"end":{"line":36,"column":null}},"line":36},"12":{"name":"(anonymous_12)","decl":{"start":{"line":37,"column":2},"end":{"line":37,"column":19}},"loc":{"start":{"line":37,"column":35},"end":{"line":37,"column":null}},"line":37},"13":{"name":"(anonymous_13)","decl":{"start":{"line":38,"column":2},"end":{"line":38,"column":22}},"loc":{"start":{"line":38,"column":41},"end":{"line":38,"column":null}},"line":38},"14":{"name":"(anonymous_14)","decl":{"start":{"line":39,"column":2},"end":{"line":39,"column":17}},"loc":{"start":{"line":39,"column":31},"end":{"line":39,"column":null}},"line":39},"15":{"name":"(anonymous_15)","decl":{"start":{"line":40,"column":2},"end":{"line":40,"column":15}},"loc":{"start":{"line":40,"column":27},"end":{"line":40,"column":null}},"line":40},"16":{"name":"(anonymous_16)","decl":{"start":{"line":41,"column":2},"end":{"line":41,"column":18}},"loc":{"start":{"line":41,"column":53},"end":{"line":41,"column":null}},"line":41},"17":{"name":"(anonymous_17)","decl":{"start":{"line":42,"column":2},"end":{"line":42,"column":16}},"loc":{"start":{"line":42,"column":29},"end":{"line":42,"column":null}},"line":42},"18":{"name":"(anonymous_18)","decl":{"start":{"line":43,"column":2},"end":{"line":43,"column":25}},"loc":{"start":{"line":43,"column":47},"end":{"line":43,"column":null}},"line":43}},"branchMap":{},"s":{"0":3,"1":3,"2":2,"3":0,"4":0,"5":0,"6":0,"7":0,"8":0,"9":0,"10":0,"11":2,"12":2,"13":1,"14":0,"15":0,"16":0,"17":1,"18":1,"19":0},"f":{"0":3,"1":2,"2":0,"3":0,"4":0,"5":0,"6":0,"7":0,"8":0,"9":0,"10":2,"11":2,"12":1,"13":0,"14":0,"15":0,"16":1,"17":1,"18":0},"b":{},"meta":{"lastBranch":0,"lastFunction":19,"lastStatement":20,"seen":{"s:3:24:44:Infinity":0,"f:3:24:3:32":0,"s:3:41:44:2":1,"f:26:2:26:12":1,"s:26:21:26:Infinity":2,"f:27:2:27:12":2,"s:27:21:27:Infinity":3,"f:28:2:28:15":3,"s:28:27:28:Infinity":4,"f:29:2:29:23":4,"s:29:43:29:Infinity":5,"f:30:2:30:23":5,"s:30:43:30:Infinity":6,"f:31:2:31:21":6,"s:31:39:31:Infinity":7,"f:32:2:32:22":7,"s:32:41:32:Infinity":8,"f:33:2:33:20":8,"s:33:37:33:Infinity":9,"f:34:2:34:17":9,"s:34:31:34:Infinity":10,"f:35:2:35:22":10,"s:35:41:35:Infinity":11,"f:36:2:36:19":11,"s:36:35:36:Infinity":12,"f:37:2:37:19":12,"s:37:35:37:Infinity":13,"f:38:2:38:22":13,"s:38:41:38:Infinity":14,"f:39:2:39:17":14,"s:39:31:39:Infinity":15,"f:40:2:40:15":15,"s:40:27:40:Infinity":16,"f:41:2:41:18":16,"s:41:53:41:Infinity":17,"f:42:2:42:16":17,"s:42:29:42:Infinity":18,"f:43:2:43:25":18,"s:43:47:43:Infinity":19},"fnNames":{}}}
,"/home/hotanphat28/github/ascii-tool-prototype/src/components/Sidebar.jsx": {"path":"/home/hotanphat28/github/ascii-tool-prototype/src/components/Sidebar.jsx","statementMap":{"0":{"start":{"line":6,"column":2},"end":{"line":14,"column":null}},"1":{"start":{"line":19,"column":2},"end":{"line":30,"column":null}},"2":{"start":{"line":27,"column":10},"end":{"line":27,"column":null}},"3":{"start":{"line":52,"column":6},"end":{"line":52,"column":15}},"4":{"start":{"line":54,"column":8},"end":{"line":56,"column":null}},"5":{"start":{"line":55,"column":4},"end":{"line":55,"column":null}},"6":{"start":{"line":58,"column":8},"end":{"line":74,"column":null}},"7":{"start":{"line":59,"column":17},"end":{"line":59,"column":null}},"8":{"start":{"line":60,"column":4},"end":{"line":60,"column":null}},"9":{"start":{"line":60,"column":15},"end":{"line":60,"column":null}},"10":{"start":{"line":61,"column":19},"end":{"line":61,"column":null}},"11":{"start":{"line":62,"column":4},"end":{"line":72,"column":null}},"12":{"start":{"line":63,"column":6},"end":{"line":71,"column":null}},"13":{"start":{"line":64,"column":28},"end":{"line":64,"column":null}},"14":{"start":{"line":65,"column":23},"end":{"line":65,"column":null}},"15":{"start":{"line":66,"column":25},"end":{"line":66,"column":null}},"16":{"start":{"line":67,"column":8},"end":{"line":67,"column":null}},"17":{"start":{"line":69,"column":8},"end":{"line":69,"column":null}},"18":{"start":{"line":70,"column":8},"end":{"line":70,"column":null}},"19":{"start":{"line":73,"column":4},"end":{"line":73,"column":null}},"20":{"start":{"line":76,"column":2},"end":{"line":240,"column":null}},"21":{"start":{"line":93,"column":27},"end":{"line":93,"column":null}},"22":{"start":{"line":112,"column":27},"end":{"line":112,"column":null}},"23":{"start":{"line":122,"column":29},"end":{"line":122,"column":null}},"24":{"start":{"line":136,"column":29},"end":{"line":136,"column":null}},"25":{"start":{"line":142,"column":29},"end":{"line":142,"column":null}},"26":{"start":{"line":148,"column":27},"end":{"line":148,"column":null}},"27":{"start":{"line":159,"column":27},"end":{"line":159,"column":null}},"28":{"start":{"line":175,"column":29},"end":{"line":175,"column":null}},"29":{"start":{"line":187,"column":29},"end":{"line":187,"column":null}},"30":{"start":{"line":201,"column":31},"end":{"line":201,"column":null}},"31":{"start":{"line":208,"column":31},"end":{"line":208,"column":null}},"32":{"start":{"line":215,"column":31},"end":{"line":215,"column":null}}},"fnMap":{"0":{"name":"BrutalistInput","decl":{"start":{"line":5,"column":16},"end":{"line":5,"column":31}},"loc":{"start":{"line":5,"column":67},"end":{"line":16,"column":null}},"line":5},"1":{"name":"BrutalistSelect","decl":{"start":{"line":18,"column":16},"end":{"line":18,"column":32}},"loc":{"start":{"line":18,"column":62},"end":{"line":32,"column":null}},"line":18},"2":{"name":"(anonymous_2)","decl":{"start":{"line":26,"column":17},"end":{"line":26,"column":21}},"loc":{"start":{"line":27,"column":10},"end":{"line":27,"column":null}},"line":27},"3":{"name":"Sidebar","decl":{"start":{"line":34,"column":16},"end":{"line":34,"column":26}},"loc":{"start":{"line":34,"column":26},"end":{"line":242,"column":null}},"line":34},"4":{"name":"(anonymous_4)","decl":{"start":{"line":54,"column":8},"end":{"line":54,"column":29}},"loc":{"start":{"line":54,"column":29},"end":{"line":56,"column":null}},"line":54},"5":{"name":"(anonymous_5)","decl":{"start":{"line":58,"column":8},"end":{"line":58,"column":28}},"loc":{"start":{"line":58,"column":34},"end":{"line":74,"column":null}},"line":58},"6":{"name":"(anonymous_6)","decl":{"start":{"line":62,"column":11},"end":{"line":62,"column":21}},"loc":{"start":{"line":62,"column":31},"end":{"line":72,"column":null}},"line":62},"7":{"name":"(anonymous_7)","decl":{"start":{"line":93,"column":10},"end":{"line":93,"column":21}},"loc":{"start":{"line":93,"column":27},"end":{"line":93,"column":null}},"line":93},"8":{"name":"(anonymous_8)","decl":{"start":{"line":112,"column":10},"end":{"line":112,"column":21}},"loc":{"start":{"line":112,"column":27},"end":{"line":112,"column":null}},"line":112},"9":{"name":"(anonymous_9)","decl":{"start":{"line":122,"column":12},"end":{"line":122,"column":23}},"loc":{"start":{"line":122,"column":29},"end":{"line":122,"column":null}},"line":122},"10":{"name":"(anonymous_10)","decl":{"start":{"line":136,"column":12},"end":{"line":136,"column":23}},"loc":{"start":{"line":136,"column":29},"end":{"line":136,"column":null}},"line":136},"11":{"name":"(anonymous_11)","decl":{"start":{"line":142,"column":12},"end":{"line":142,"column":23}},"loc":{"start":{"line":142,"column":29},"end":{"line":142,"column":null}},"line":142},"12":{"name":"(anonymous_12)","decl":{"start":{"line":148,"column":10},"end":{"line":148,"column":21}},"loc":{"start":{"line":148,"column":27},"end":{"line":148,"column":null}},"line":148},"13":{"name":"(anonymous_13)","decl":{"start":{"line":159,"column":10},"end":{"line":159,"column":21}},"loc":{"start":{"line":159,"column":27},"end":{"line":159,"column":null}},"line":159},"14":{"name":"(anonymous_14)","decl":{"start":{"line":175,"column":12},"end":{"line":175,"column":23}},"loc":{"start":{"line":175,"column":29},"end":{"line":175,"column":null}},"line":175},"15":{"name":"(anonymous_15)","decl":{"start":{"line":187,"column":12},"end":{"line":187,"column":23}},"loc":{"start":{"line":187,"column":29},"end":{"line":187,"column":null}},"line":187},"16":{"name":"(anonymous_16)","decl":{"start":{"line":201,"column":14},"end":{"line":201,"column":25}},"loc":{"start":{"line":201,"column":31},"end":{"line":201,"column":null}},"line":201},"17":{"name":"(anonymous_17)","decl":{"start":{"line":208,"column":14},"end":{"line":208,"column":25}},"loc":{"start":{"line":208,"column":31},"end":{"line":208,"column":null}},"line":208},"18":{"name":"(anonymous_18)","decl":{"start":{"line":215,"column":14},"end":{"line":215,"column":25}},"loc":{"start":{"line":215,"column":31},"end":{"line":215,"column":null}},"line":215}},"branchMap":{"0":{"loc":{"start":{"line":5,"column":40},"end":{"line":5,"column":55}},"type":"default-arg","locations":[{"start":{"line":5,"column":47},"end":{"line":5,"column":55}}],"line":5},"1":{"loc":{"start":{"line":60,"column":4},"end":{"line":60,"column":null}},"type":"if","locations":[{"start":{"line":60,"column":4},"end":{"line":60,"column":null}},{"start":{},"end":{}}],"line":60},"2":{"loc":{"start":{"line":87,"column":11},"end":{"line":88,"column":null}},"type":"binary-expr","locations":[{"start":{"line":87,"column":11},"end":{"line":87,"column":23}},{"start":{"line":87,"column":23},"end":{"line":88,"column":null}}],"line":87},"3":{"loc":{"start":{"line":103,"column":83},"end":{"line":103,"column":null}},"type":"binary-expr","locations":[{"start":{"line":103,"column":83},"end":{"line":103,"column":101}},{"start":{"line":103,"column":101},"end":{"line":103,"column":null}}],"line":103},"4":{"loc":{"start":{"line":104,"column":15},"end":{"line":104,"column":null}},"type":"binary-expr","locations":[{"start":{"line":104,"column":15},"end":{"line":104,"column":33}},{"start":{"line":104,"column":33},"end":{"line":104,"column":null}}],"line":104},"5":{"loc":{"start":{"line":112,"column":35},"end":{"line":112,"column":56}},"type":"binary-expr","locations":[{"start":{"line":112,"column":35},"end":{"line":112,"column":53}},{"start":{"line":112,"column":53},"end":{"line":112,"column":56}}],"line":112},"6":{"loc":{"start":{"line":147,"column":17},"end":{"line":147,"column":null}},"type":"binary-expr","locations":[{"start":{"line":147,"column":17},"end":{"line":147,"column":28}},{"start":{"line":147,"column":28},"end":{"line":147,"column":null}}],"line":147},"7":{"loc":{"start":{"line":226,"column":13},"end":{"line":232,"column":13}},"type":"binary-expr","locations":[{"start":{"line":226,"column":13},"end":{"line":226,"column":null}},{"start":{"line":227,"column":14},"end":{"line":232,"column":13}}],"line":226},"8":{"loc":{"start":{"line":233,"column":15},"end":{"line":235,"column":null}},"type":"cond-expr","locations":[{"start":{"line":234,"column":18},"end":{"line":234,"column":null}},{"start":{"line":235,"column":18},"end":{"line":235,"column":null}}],"line":233},"9":{"loc":{"start":{"line":234,"column":21},"end":{"line":234,"column":82}},"type":"cond-expr","locations":[{"start":{"line":234,"column":51},"end":{"line":234,"column":68}},{"start":{"line":234,"column":68},"end":{"line":234,"column":82}}],"line":234}},"s":{"0":35,"1":28,"2":77,"3":7,"4":7,"5":1,"6":7,"7":1,"8":1,"9":0,"10":1,"11":1,"12":0,"13":0,"14":0,"15":0,"16":0,"17":0,"18":0,"19":1,"20":7,"21":1,"22":0,"23":0,"24":0,"25":0,"26":0,"27":0,"28":0,"29":0,"30":0,"31":0,"32":0},"f":{"0":35,"1":28,"2":77,"3":7,"4":1,"5":1,"6":0,"7":1,"8":0,"9":0,"10":0,"11":0,"12":0,"13":0,"14":0,"15":0,"16":0,"17":0,"18":0},"b":{"0":[35],"1":[0,1],"2":[7,1],"3":[7,7],"4":[7,7],"5":[0,0],"6":[7,7],"7":[7,1],"8":[1,6],"9":[0,1]},"meta":{"lastBranch":10,"lastFunction":19,"lastStatement":33,"seen":{"f:5:16:5:31":0,"b:5:47:5:55":0,"s:6:2:14:Infinity":0,"f:18:16:18:32":1,"s:19:2:30:Infinity":1,"f:26:17:26:21":2,"s:27:10:27:Infinity":2,"f:34:16:34:26":3,"s:52:6:52:15":3,"s:54:8:56:Infinity":4,"f:54:8:54:29":4,"s:55:4:55:Infinity":5,"s:58:8:74:Infinity":6,"f:58:8:58:28":5,"s:59:17:59:Infinity":7,"b:60:4:60:Infinity:undefined:undefined:undefined:undefined":1,"s:60:4:60:Infinity":8,"s:60:15:60:Infinity":9,"s:61:19:61:Infinity":10,"s:62:4:72:Infinity":11,"f:62:11:62:21":6,"s:63:6:71:Infinity":12,"s:64:28:64:Infinity":13,"s:65:23:65:Infinity":14,"s:66:25:66:Infinity":15,"s:67:8:67:Infinity":16,"s:69:8:69:Infinity":17,"s:70:8:70:Infinity":18,"s:73:4:73:Infinity":19,"s:76:2:240:Infinity":20,"b:87:11:87:23:87:23:88:Infinity":2,"f:93:10:93:21":7,"s:93:27:93:Infinity":21,"b:103:83:103:101:103:101:103:Infinity":3,"b:104:15:104:33:104:33:104:Infinity":4,"f:112:10:112:21":8,"s:112:27:112:Infinity":22,"b:112:35:112:53:112:53:112:56":5,"f:122:12:122:23":9,"s:122:29:122:Infinity":23,"f:136:12:136:23":10,"s:136:29:136:Infinity":24,"f:142:12:142:23":11,"s:142:29:142:Infinity":25,"b:147:17:147:28:147:28:147:Infinity":6,"f:148:10:148:21":12,"s:148:27:148:Infinity":26,"f:159:10:159:21":13,"s:159:27:159:Infinity":27,"f:175:12:175:23":14,"s:175:29:175:Infinity":28,"f:187:12:187:23":15,"s:187:29:187:Infinity":29,"f:201:14:201:25":16,"s:201:31:201:Infinity":30,"f:208:14:208:25":17,"s:208:31:208:Infinity":31,"f:215:14:215:25":18,"s:215:31:215:Infinity":32,"b:226:13:226:Infinity:227:14:232:13":7,"b:234:18:234:Infinity:235:18:235:Infinity":8,"b:234:51:234:68:234:68:234:82":9},"fnNames":{}}}
}
