{"/home/hotanphat28/github/imgascii/src/App.jsx": {"path":"/home/hotanphat28/github/imgascii/src/App.jsx","statementMap":{"0":{"start":{"line":11,"column":6},"end":{"line":11,"column":15}},"1":{"start":{"line":13,"column":23},"end":{"line":13,"column":null}},"2":{"start":{"line":15,"column":2},"end":{"line":34,"column":null}},"3":{"start":{"line":16,"column":4},"end":{"line":19,"column":null}},"4":{"start":{"line":17,"column":6},"end":{"line":17,"column":null}},"5":{"start":{"line":18,"column":6},"end":{"line":18,"column":null}},"6":{"start":{"line":21,"column":20},"end":{"line":21,"column":null}},"7":{"start":{"line":23,"column":4},"end":{"line":29,"column":null}},"8":{"start":{"line":25,"column":8},"end":{"line":25,"column":null}},"9":{"start":{"line":25,"column":23},"end":{"line":25,"column":null}},"10":{"start":{"line":28,"column":8},"end":{"line":28,"column":null}},"11":{"start":{"line":31,"column":4},"end":{"line":33,"column":null}},"12":{"start":{"line":32,"column":6},"end":{"line":32,"column":null}},"13":{"start":{"line":36,"column":2},"end":{"line":44,"column":null}},"14":{"start":{"line":37,"column":4},"end":{"line":42,"column":null}},"15":{"start":{"line":53,"column":2},"end":{"line":71,"column":null}},"16":{"start":{"line":76,"column":30},"end":{"line":76,"column":39}},"17":{"start":{"line":78,"column":2},"end":{"line":84,"column":null}}},"fnMap":{"0":{"name":"AsciiPreview","decl":{"start":{"line":6,"column":9},"end":{"line":6,"column":24}},"loc":{"start":{"line":6,"column":24},"end":{"line":73,"column":null}},"line":6},"1":{"name":"(anonymous_1)","decl":{"start":{"line":15,"column":2},"end":{"line":15,"column":18}},"loc":{"start":{"line":15,"column":18},"end":{"line":34,"column":5}},"line":15},"2":{"name":"(anonymous_2)","decl":{"start":{"line":24,"column":7},"end":{"line":24,"column":12}},"loc":{"start":{"line":24,"column":20},"end":{"line":26,"column":7}},"line":24},"3":{"name":"(anonymous_3)","decl":{"start":{"line":27,"column":7},"end":{"line":27,"column":13}},"loc":{"start":{"line":27,"column":20},"end":{"line":29,"column":7}},"line":27},"4":{"name":"(anonymous_4)","decl":{"start":{"line":31,"column":4},"end":{"line":31,"column":17}},"loc":{"start":{"line":31,"column":17},"end":{"line":33,"column":null}},"line":31},"5":{"name":"App","decl":{"start":{"line":75,"column":9},"end":{"line":75,"column":15}},"loc":{"start":{"line":75,"column":15},"end":{"line":86,"column":null}},"line":75}},"branchMap":{"0":{"loc":{"start":{"line":16,"column":4},"end":{"line":19,"column":null}},"type":"if","locations":[{"start":{"line":16,"column":4},"end":{"line":19,"column":null}},{"start":{},"end":{}}],"line":16},"1":{"loc":{"start":{"line":25,"column":8},"end":{"line":25,"column":null}},"type":"if","locations":[{"start":{"line":25,"column":8},"end":{"line":25,"column":null}},{"start":{},"end":{}}],"line":25},"2":{"loc":{"start":{"line":36,"column":2},"end":{"line":44,"column":null}},"type":"if","locations":[{"start":{"line":36,"column":2},"end":{"line":44,"column":null}},{"start":{},"end":{}}],"line":36}},"s":{"0":4,"1":4,"2":4,"3":2,"4":1,"5":1,"6":1,"7":1,"8":1,"9":1,"10":0,"11":1,"12":1,"13":4,"14":2,"15":2,"16":4,"17":4},"f":{"0":4,"1":2,"2":1,"3":0,"4":1,"5":4},"b":{"0":[1,1],"1":[1,0],"2":[2,2]},"meta":{"lastBranch":3,"lastFunction":6,"lastStatement":18,"seen":{"f:6:9:6:24":0,"s:11:6:11:15":0,"s:13:23:13:Infinity":1,"s:15:2:34:Infinity":2,"f:15:2:15:18":1,"b:16:4:19:Infinity:undefined:undefined:undefined:undefined":0,"s:16:4:19:Infinity":3,"s:17:6:17:Infinity":4,"s:18:6:18:Infinity":5,"s:21:20:21:Infinity":6,"s:23:4:29:Infinity":7,"f:24:7:24:12":2,"b:25:8:25:Infinity:undefined:undefined:undefined:undefined":1,"s:25:8:25:Infinity":8,"s:25:23:25:Infinity":9,"f:27:7:27:13":3,"s:28:8:28:Infinity":10,"s:31:4:33:Infinity":11,"f:31:4:31:17":4,"s:32:6:32:Infinity":12,"b:36:2:44:Infinity:undefined:undefined:undefined:undefined":2,"s:36:2:44:Infinity":13,"s:37:4:42:Infinity":14,"s:53:2:71:Infinity":15,"f:75:9:75:15":5,"s:76:30:76:39":16,"s:78:2:84:Infinity":17},"fnNames":{}}}
,"/home/hotanphat28/github/imgascii/src/AsciiConverter.js": {"path":"/home/hotanphat28/github/imgascii/src/AsciiConverter.js","statementMap":{"0":{"start":{"line":2,"column":2},"end":{"line":2,"column":null}},"1":{"start":{"line":2,"column":15},"end":{"line":2,"column":null}},"2":{"start":{"line":5,"column":6},"end":{"line":5,"column":null}},"3":{"start":{"line":8,"column":2},"end":{"line":8,"column":null}},"4":{"start":{"line":9,"column":2},"end":{"line":9,"column":null}},"5":{"start":{"line":11,"column":2},"end":{"line":13,"column":null}},"6":{"start":{"line":12,"column":4},"end":{"line":12,"column":null}},"7":{"start":{"line":16,"column":20},"end":{"line":16,"column":null}},"8":{"start":{"line":17,"column":2},"end":{"line":17,"column":null}},"9":{"start":{"line":21,"column":2},"end":{"line":71,"column":null}},"10":{"start":{"line":27,"column":8},"end":{"line":27,"column":null}},"11":{"start":{"line":29,"column":16},"end":{"line":29,"column":null}},"12":{"start":{"line":30,"column":4},"end":{"line":30,"column":null}},"13":{"start":{"line":31,"column":4},"end":{"line":68,"column":null}},"14":{"start":{"line":32,"column":21},"end":{"line":32,"column":null}},"15":{"start":{"line":33,"column":18},"end":{"line":33,"column":null}},"16":{"start":{"line":38,"column":25},"end":{"line":38,"column":null}},"17":{"start":{"line":39,"column":20},"end":{"line":39,"column":null}},"18":{"start":{"line":40,"column":21},"end":{"line":40,"column":null}},"19":{"start":{"line":42,"column":6},"end":{"line":42,"column":null}},"20":{"start":{"line":43,"column":6},"end":{"line":43,"column":null}},"21":{"start":{"line":45,"column":6},"end":{"line":45,"column":null}},"22":{"start":{"line":47,"column":22},"end":{"line":47,"column":null}},"23":{"start":{"line":48,"column":19},"end":{"line":48,"column":null}},"24":{"start":{"line":50,"column":21},"end":{"line":50,"column":null}},"25":{"start":{"line":51,"column":24},"end":{"line":51,"column":null}},"26":{"start":{"line":52,"column":25},"end":{"line":52,"column":null}},"27":{"start":{"line":54,"column":6},"end":{"line":65,"column":null}},"28":{"start":{"line":54,"column":19},"end":{"line":54,"column":22}},"29":{"start":{"line":55,"column":8},"end":{"line":63,"column":null}},"30":{"start":{"line":55,"column":21},"end":{"line":55,"column":24}},"31":{"start":{"line":56,"column":16},"end":{"line":56,"column":null}},"32":{"start":{"line":57,"column":20},"end":{"line":57,"column":null}},"33":{"start":{"line":58,"column":20},"end":{"line":58,"column":null}},"34":{"start":{"line":59,"column":20},"end":{"line":59,"column":null}},"35":{"start":{"line":60,"column":20},"end":{"line":60,"column":null}},"36":{"start":{"line":62,"column":10},"end":{"line":62,"column":null}},"37":{"start":{"line":64,"column":8},"end":{"line":64,"column":null}},"38":{"start":{"line":67,"column":6},"end":{"line":67,"column":null}},"39":{"start":{"line":69,"column":4},"end":{"line":69,"column":null}},"40":{"start":{"line":70,"column":4},"end":{"line":70,"column":null}}},"fnMap":{"0":{"name":"mapPixelToAscii","decl":{"start":{"line":1,"column":16},"end":{"line":1,"column":32}},"loc":{"start":{"line":1,"column":79},"end":{"line":18,"column":null}},"line":1},"1":{"name":"imageToAscii","decl":{"start":{"line":20,"column":16},"end":{"line":20,"column":29}},"loc":{"start":{"line":20,"column":48},"end":{"line":72,"column":null}},"line":20},"2":{"name":"(anonymous_2)","decl":{"start":{"line":21,"column":13},"end":{"line":21,"column":22}},"loc":{"start":{"line":21,"column":42},"end":{"line":71,"column":3}},"line":21},"3":{"name":"(anonymous_3)","decl":{"start":{"line":31,"column":8},"end":{"line":31,"column":23}},"loc":{"start":{"line":31,"column":23},"end":{"line":68,"column":null}},"line":31}},"branchMap":{"0":{"loc":{"start":{"line":2,"column":2},"end":{"line":2,"column":null}},"type":"if","locations":[{"start":{"line":2,"column":2},"end":{"line":2,"column":null}},{"start":{},"end":{}}],"line":2},"1":{"loc":{"start":{"line":11,"column":2},"end":{"line":13,"column":null}},"type":"if","locations":[{"start":{"line":11,"column":2},"end":{"line":13,"column":null}},{"start":{},"end":{}}],"line":11},"2":{"loc":{"start":{"line":23,"column":6},"end":{"line":23,"column":null}},"type":"default-arg","locations":[{"start":{"line":23,"column":13},"end":{"line":23,"column":null}}],"line":23},"3":{"loc":{"start":{"line":24,"column":6},"end":{"line":24,"column":null}},"type":"default-arg","locations":[{"start":{"line":24,"column":19},"end":{"line":24,"column":null}}],"line":24},"4":{"loc":{"start":{"line":25,"column":6},"end":{"line":25,"column":null}},"type":"default-arg","locations":[{"start":{"line":25,"column":21},"end":{"line":25,"column":null}}],"line":25},"5":{"loc":{"start":{"line":26,"column":6},"end":{"line":26,"column":null}},"type":"default-arg","locations":[{"start":{"line":26,"column":17},"end":{"line":26,"column":null}}],"line":26}},"s":{"0":10,"1":2,"2":8,"3":8,"4":8,"5":8,"6":2,"7":8,"8":8,"9":0,"10":0,"11":0,"12":0,"13":0,"14":0,"15":0,"16":0,"17":0,"18":0,"19":0,"20":0,"21":0,"22":0,"23":0,"24":0,"25":0,"26":0,"27":0,"28":0,"29":0,"30":0,"31":0,"32":0,"33":0,"34":0,"35":0,"36":0,"37":0,"38":0,"39":0,"40":0},"f":{"0":10,"1":0,"2":0,"3":0},"b":{"0":[2,8],"1":[2,6],"2":[0],"3":[0],"4":[0],"5":[0]},"meta":{"lastBranch":6,"lastFunction":4,"lastStatement":41,"seen":{"f:1:16:1:32":0,"b:2:2:2:Infinity:undefined:undefined:undefined:undefined":0,"s:2:2:2:Infinity":0,"s:2:15:2:Infinity":1,"s:5:6:5:Infinity":2,"s:8:2:8:Infinity":3,"s:9:2:9:Infinity":4,"b:11:2:13:Infinity:undefined:undefined:undefined:undefined":1,"s:11:2:13:Infinity":5,"s:12:4:12:Infinity":6,"s:16:20:16:Infinity":7,"s:17:2:17:Infinity":8,"f:20:16:20:29":1,"s:21:2:71:Infinity":9,"f:21:13:21:22":2,"s:27:8:27:Infinity":10,"b:23:13:23:Infinity":2,"b:24:19:24:Infinity":3,"b:25:21:25:Infinity":4,"b:26:17:26:Infinity":5,"s:29:16:29:Infinity":11,"s:30:4:30:Infinity":12,"s:31:4:68:Infinity":13,"f:31:8:31:23":3,"s:32:21:32:Infinity":14,"s:33:18:33:Infinity":15,"s:38:25:38:Infinity":16,"s:39:20:39:Infinity":17,"s:40:21:40:Infinity":18,"s:42:6:42:Infinity":19,"s:43:6:43:Infinity":20,"s:45:6:45:Infinity":21,"s:47:22:47:Infinity":22,"s:48:19:48:Infinity":23,"s:50:21:50:Infinity":24,"s:51:24:51:Infinity":25,"s:52:25:52:Infinity":26,"s:54:6:65:Infinity":27,"s:54:19:54:22":28,"s:55:8:63:Infinity":29,"s:55:21:55:24":30,"s:56:16:56:Infinity":31,"s:57:20:57:Infinity":32,"s:58:20:58:Infinity":33,"s:59:20:59:Infinity":34,"s:60:20:60:Infinity":35,"s:62:10:62:Infinity":36,"s:64:8:64:Infinity":37,"s:67:6:67:Infinity":38,"s:69:4:69:Infinity":39,"s:70:4:70:Infinity":40},"fnNames":{}}}
,"/home/hotanphat28/github/imgascii/src/useStore.js": {"path":"/home/hotanphat28/github/imgascii/src/useStore.js","statementMap":{"0":{"start":{"line":3,"column":24},"end":{"line":21,"column":null}},"1":{"start":{"line":3,"column":41},"end":{"line":21,"column":2}},"2":{"start":{"line":13,"column":29},"end":{"line":13,"column":null}},"3":{"start":{"line":14,"column":21},"end":{"line":14,"column":null}},"4":{"start":{"line":15,"column":33},"end":{"line":15,"column":null}},"5":{"start":{"line":16,"column":37},"end":{"line":16,"column":null}},"6":{"start":{"line":17,"column":29},"end":{"line":17,"column":null}},"7":{"start":{"line":18,"column":43},"end":{"line":18,"column":null}},"8":{"start":{"line":19,"column":43},"end":{"line":19,"column":null}},"9":{"start":{"line":20,"column":31},"end":{"line":20,"column":null}}},"fnMap":{"0":{"name":"(anonymous_0)","decl":{"start":{"line":3,"column":24},"end":{"line":3,"column":32}},"loc":{"start":{"line":3,"column":41},"end":{"line":21,"column":2}},"line":3},"1":{"name":"(anonymous_1)","decl":{"start":{"line":13,"column":2},"end":{"line":13,"column":16}},"loc":{"start":{"line":13,"column":29},"end":{"line":13,"column":null}},"line":13},"2":{"name":"(anonymous_2)","decl":{"start":{"line":14,"column":2},"end":{"line":14,"column":12}},"loc":{"start":{"line":14,"column":21},"end":{"line":14,"column":null}},"line":14},"3":{"name":"(anonymous_3)","decl":{"start":{"line":15,"column":2},"end":{"line":15,"column":18}},"loc":{"start":{"line":15,"column":33},"end":{"line":15,"column":null}},"line":15},"4":{"name":"(anonymous_4)","decl":{"start":{"line":16,"column":2},"end":{"line":16,"column":20}},"loc":{"start":{"line":16,"column":37},"end":{"line":16,"column":null}},"line":16},"5":{"name":"(anonymous_5)","decl":{"start":{"line":17,"column":2},"end":{"line":17,"column":16}},"loc":{"start":{"line":17,"column":29},"end":{"line":17,"column":null}},"line":17},"6":{"name":"(anonymous_6)","decl":{"start":{"line":18,"column":2},"end":{"line":18,"column":23}},"loc":{"start":{"line":18,"column":43},"end":{"line":18,"column":null}},"line":18},"7":{"name":"(anonymous_7)","decl":{"start":{"line":19,"column":2},"end":{"line":19,"column":23}},"loc":{"start":{"line":19,"column":43},"end":{"line":19,"column":null}},"line":19},"8":{"name":"(anonymous_8)","decl":{"start":{"line":20,"column":2},"end":{"line":20,"column":17}},"loc":{"start":{"line":20,"column":31},"end":{"line":20,"column":null}},"line":20}},"branchMap":{},"s":{"0":3,"1":3,"2":2,"3":2,"4":1,"5":2,"6":1,"7":1,"8":1,"9":3},"f":{"0":3,"1":2,"2":2,"3":1,"4":2,"5":1,"6":1,"7":1,"8":3},"b":{},"meta":{"lastBranch":0,"lastFunction":9,"lastStatement":10,"seen":{"s:3:24:21:Infinity":0,"f:3:24:3:32":0,"s:3:41:21:2":1,"f:13:2:13:16":1,"s:13:29:13:Infinity":2,"f:14:2:14:12":2,"s:14:21:14:Infinity":3,"f:15:2:15:18":3,"s:15:33:15:Infinity":4,"f:16:2:16:20":4,"s:16:37:16:Infinity":5,"f:17:2:17:16":5,"s:17:29:17:Infinity":6,"f:18:2:18:23":6,"s:18:43:18:Infinity":7,"f:19:2:19:23":7,"s:19:43:19:Infinity":8,"f:20:2:20:17":8,"s:20:31:20:Infinity":9},"fnNames":{}}}
,"/home/hotanphat28/github/imgascii/src/components/Sidebar.jsx": {"path":"/home/hotanphat28/github/imgascii/src/components/Sidebar.jsx","statementMap":{"0":{"start":{"line":5,"column":13},"end":{"line":5,"column":null}},"1":{"start":{"line":6,"column":2},"end":{"line":15,"column":null}},"2":{"start":{"line":29,"column":6},"end":{"line":29,"column":15}},"3":{"start":{"line":31,"column":8},"end":{"line":36,"column":null}},"4":{"start":{"line":32,"column":17},"end":{"line":32,"column":null}},"5":{"start":{"line":33,"column":4},"end":{"line":33,"column":null}},"6":{"start":{"line":33,"column":15},"end":{"line":33,"column":null}},"7":{"start":{"line":34,"column":16},"end":{"line":34,"column":null}},"8":{"start":{"line":35,"column":4},"end":{"line":35,"column":null}},"9":{"start":{"line":38,"column":8},"end":{"line":47,"column":null}},"10":{"start":{"line":39,"column":4},"end":{"line":39,"column":null}},"11":{"start":{"line":39,"column":20},"end":{"line":39,"column":null}},"12":{"start":{"line":40,"column":17},"end":{"line":40,"column":null}},"13":{"start":{"line":41,"column":16},"end":{"line":41,"column":null}},"14":{"start":{"line":42,"column":14},"end":{"line":42,"column":null}},"15":{"start":{"line":43,"column":4},"end":{"line":43,"column":null}},"16":{"start":{"line":44,"column":4},"end":{"line":44,"column":null}},"17":{"start":{"line":45,"column":4},"end":{"line":45,"column":null}},"18":{"start":{"line":46,"column":4},"end":{"line":46,"column":null}},"19":{"start":{"line":49,"column":8},"end":{"line":96,"column":null}},"20":{"start":{"line":50,"column":4},"end":{"line":50,"column":null}},"21":{"start":{"line":50,"column":20},"end":{"line":50,"column":null}},"22":{"start":{"line":53,"column":19},"end":{"line":53,"column":null}},"23":{"start":{"line":54,"column":16},"end":{"line":54,"column":null}},"24":{"start":{"line":57,"column":18},"end":{"line":57,"column":null}},"25":{"start":{"line":59,"column":4},"end":{"line":59,"column":null}},"26":{"start":{"line":59,"column":40},"end":{"line":59,"column":null}},"27":{"start":{"line":62,"column":21},"end":{"line":62,"column":null}},"28":{"start":{"line":63,"column":17},"end":{"line":63,"column":null}},"29":{"start":{"line":64,"column":4},"end":{"line":64,"column":null}},"30":{"start":{"line":67,"column":22},"end":{"line":67,"column":null}},"31":{"start":{"line":68,"column":18},"end":{"line":68,"column":null}},"32":{"start":{"line":70,"column":23},"end":{"line":70,"column":null}},"33":{"start":{"line":71,"column":19},"end":{"line":71,"column":null}},"34":{"start":{"line":74,"column":20},"end":{"line":74,"column":null}},"35":{"start":{"line":75,"column":4},"end":{"line":75,"column":null}},"36":{"start":{"line":76,"column":4},"end":{"line":76,"column":null}},"37":{"start":{"line":79,"column":4},"end":{"line":79,"column":null}},"38":{"start":{"line":80,"column":4},"end":{"line":80,"column":null}},"39":{"start":{"line":83,"column":4},"end":{"line":83,"column":null}},"40":{"start":{"line":84,"column":4},"end":{"line":84,"column":null}},"41":{"start":{"line":85,"column":4},"end":{"line":85,"column":null}},"42":{"start":{"line":87,"column":4},"end":{"line":89,"column":null}},"43":{"start":{"line":88,"column":6},"end":{"line":88,"column":null}},"44":{"start":{"line":91,"column":16},"end":{"line":91,"column":null}},"45":{"start":{"line":92,"column":14},"end":{"line":92,"column":null}},"46":{"start":{"line":93,"column":4},"end":{"line":93,"column":null}},"47":{"start":{"line":94,"column":4},"end":{"line":94,"column":null}},"48":{"start":{"line":95,"column":4},"end":{"line":95,"column":null}},"49":{"start":{"line":98,"column":2},"end":{"line":211,"column":null}},"50":{"start":{"line":126,"column":27},"end":{"line":126,"column":null}},"51":{"start":{"line":139,"column":29},"end":{"line":139,"column":null}},"52":{"start":{"line":154,"column":29},"end":{"line":154,"column":null}},"53":{"start":{"line":163,"column":29},"end":{"line":163,"column":null}},"54":{"start":{"line":178,"column":29},"end":{"line":178,"column":null}},"55":{"start":{"line":184,"column":29},"end":{"line":184,"column":null}}},"fnMap":{"0":{"name":"BrutalistInput","decl":{"start":{"line":4,"column":16},"end":{"line":4,"column":31}},"loc":{"start":{"line":4,"column":67},"end":{"line":17,"column":null}},"line":4},"1":{"name":"Sidebar","decl":{"start":{"line":19,"column":16},"end":{"line":19,"column":26}},"loc":{"start":{"line":19,"column":26},"end":{"line":213,"column":null}},"line":19},"2":{"name":"(anonymous_2)","decl":{"start":{"line":31,"column":8},"end":{"line":31,"column":29}},"loc":{"start":{"line":31,"column":35},"end":{"line":36,"column":null}},"line":31},"3":{"name":"(anonymous_3)","decl":{"start":{"line":38,"column":8},"end":{"line":38,"column":32}},"loc":{"start":{"line":38,"column":32},"end":{"line":47,"column":null}},"line":38},"4":{"name":"(anonymous_4)","decl":{"start":{"line":49,"column":8},"end":{"line":49,"column":32}},"loc":{"start":{"line":49,"column":32},"end":{"line":96,"column":null}},"line":49},"5":{"name":"(anonymous_5)","decl":{"start":{"line":87,"column":10},"end":{"line":87,"column":19}},"loc":{"start":{"line":87,"column":31},"end":{"line":89,"column":5}},"line":87},"6":{"name":"(anonymous_6)","decl":{"start":{"line":126,"column":10},"end":{"line":126,"column":21}},"loc":{"start":{"line":126,"column":27},"end":{"line":126,"column":null}},"line":126},"7":{"name":"(anonymous_7)","decl":{"start":{"line":139,"column":12},"end":{"line":139,"column":23}},"loc":{"start":{"line":139,"column":29},"end":{"line":139,"column":null}},"line":139},"8":{"name":"(anonymous_8)","decl":{"start":{"line":154,"column":12},"end":{"line":154,"column":23}},"loc":{"start":{"line":154,"column":29},"end":{"line":154,"column":null}},"line":154},"9":{"name":"(anonymous_9)","decl":{"start":{"line":163,"column":12},"end":{"line":163,"column":23}},"loc":{"start":{"line":163,"column":29},"end":{"line":163,"column":null}},"line":163},"10":{"name":"(anonymous_10)","decl":{"start":{"line":178,"column":12},"end":{"line":178,"column":23}},"loc":{"start":{"line":178,"column":29},"end":{"line":178,"column":null}},"line":178},"11":{"name":"(anonymous_11)","decl":{"start":{"line":184,"column":12},"end":{"line":184,"column":23}},"loc":{"start":{"line":184,"column":29},"end":{"line":184,"column":null}},"line":184}},"branchMap":{"0":{"loc":{"start":{"line":4,"column":40},"end":{"line":4,"column":55}},"type":"default-arg","locations":[{"start":{"line":4,"column":47},"end":{"line":4,"column":55}}],"line":4},"1":{"loc":{"start":{"line":33,"column":4},"end":{"line":33,"column":null}},"type":"if","locations":[{"start":{"line":33,"column":4},"end":{"line":33,"column":null}},{"start":{},"end":{}}],"line":33},"2":{"loc":{"start":{"line":39,"column":4},"end":{"line":39,"column":null}},"type":"if","locations":[{"start":{"line":39,"column":4},"end":{"line":39,"column":null}},{"start":{},"end":{}}],"line":39},"3":{"loc":{"start":{"line":50,"column":4},"end":{"line":50,"column":null}},"type":"if","locations":[{"start":{"line":50,"column":4},"end":{"line":50,"column":null}},{"start":{},"end":{}}],"line":50},"4":{"loc":{"start":{"line":59,"column":4},"end":{"line":59,"column":null}},"type":"if","locations":[{"start":{"line":59,"column":4},"end":{"line":59,"column":null}},{"start":{},"end":{}}],"line":59},"5":{"loc":{"start":{"line":113,"column":13},"end":{"line":113,"column":null}},"type":"cond-expr","locations":[{"start":{"line":113,"column":24},"end":{"line":113,"column":41}},{"start":{"line":113,"column":41},"end":{"line":113,"column":null}}],"line":113},"6":{"loc":{"start":{"line":126,"column":35},"end":{"line":126,"column":56}},"type":"binary-expr","locations":[{"start":{"line":126,"column":35},"end":{"line":126,"column":53}},{"start":{"line":126,"column":53},"end":{"line":126,"column":56}}],"line":126}},"s":{"0":33,"1":33,"2":11,"3":11,"4":1,"5":1,"6":0,"7":1,"8":1,"9":11,"10":0,"11":0,"12":0,"13":0,"14":0,"15":0,"16":0,"17":0,"18":0,"19":11,"20":0,"21":0,"22":0,"23":0,"24":0,"25":0,"26":0,"27":0,"28":0,"29":0,"30":0,"31":0,"32":0,"33":0,"34":0,"35":0,"36":0,"37":0,"38":0,"39":0,"40":0,"41":0,"42":0,"43":0,"44":0,"45":0,"46":0,"47":0,"48":0,"49":11,"50":1,"51":0,"52":0,"53":1,"54":0,"55":0},"f":{"0":33,"1":11,"2":1,"3":0,"4":0,"5":0,"6":1,"7":0,"8":0,"9":1,"10":0,"11":0},"b":{"0":[33],"1":[0,1],"2":[0,0],"3":[0,0],"4":[0,0],"5":[3,8],"6":[1,0]},"meta":{"lastBranch":7,"lastFunction":12,"lastStatement":56,"seen":{"f:4:16:4:31":0,"b:4:47:4:55":0,"s:5:13:5:Infinity":0,"s:6:2:15:Infinity":1,"f:19:16:19:26":1,"s:29:6:29:15":2,"s:31:8:36:Infinity":3,"f:31:8:31:29":2,"s:32:17:32:Infinity":4,"b:33:4:33:Infinity:undefined:undefined:undefined:undefined":1,"s:33:4:33:Infinity":5,"s:33:15:33:Infinity":6,"s:34:16:34:Infinity":7,"s:35:4:35:Infinity":8,"s:38:8:47:Infinity":9,"f:38:8:38:32":3,"b:39:4:39:Infinity:undefined:undefined:undefined:undefined":2,"s:39:4:39:Infinity":10,"s:39:20:39:Infinity":11,"s:40:17:40:Infinity":12,"s:41:16:41:Infinity":13,"s:42:14:42:Infinity":14,"s:43:4:43:Infinity":15,"s:44:4:44:Infinity":16,"s:45:4:45:Infinity":17,"s:46:4:46:Infinity":18,"s:49:8:96:Infinity":19,"f:49:8:49:32":4,"b:50:4:50:Infinity:undefined:undefined:undefined:undefined":3,"s:50:4:50:Infinity":20,"s:50:20:50:Infinity":21,"s:53:19:53:Infinity":22,"s:54:16:54:Infinity":23,"s:57:18:57:Infinity":24,"b:59:4:59:Infinity:undefined:undefined:undefined:undefined":4,"s:59:4:59:Infinity":25,"s:59:40:59:Infinity":26,"s:62:21:62:Infinity":27,"s:63:17:63:Infinity":28,"s:64:4:64:Infinity":29,"s:67:22:67:Infinity":30,"s:68:18:68:Infinity":31,"s:70:23:70:Infinity":32,"s:71:19:71:Infinity":33,"s:74:20:74:Infinity":34,"s:75:4:75:Infinity":35,"s:76:4:76:Infinity":36,"s:79:4:79:Infinity":37,"s:80:4:80:Infinity":38,"s:83:4:83:Infinity":39,"s:84:4:84:Infinity":40,"s:85:4:85:Infinity":41,"s:87:4:89:Infinity":42,"f:87:10:87:19":5,"s:88:6:88:Infinity":43,"s:91:16:91:Infinity":44,"s:92:14:92:Infinity":45,"s:93:4:93:Infinity":46,"s:94:4:94:Infinity":47,"s:95:4:95:Infinity":48,"s:98:2:211:Infinity":49,"b:113:24:113:41:113:41:113:Infinity":5,"f:126:10:126:21":6,"s:126:27:126:Infinity":50,"b:126:35:126:53:126:53:126:56":6,"f:139:12:139:23":7,"s:139:29:139:Infinity":51,"f:154:12:154:23":8,"s:154:29:154:Infinity":52,"f:163:12:163:23":9,"s:163:29:163:Infinity":53,"f:178:12:178:23":10,"s:178:29:178:Infinity":54,"f:184:12:184:23":11,"s:184:29:184:Infinity":55},"fnNames":{}}}
}
